INFO:root:Updating accounts from current file
INFO:root:New transaction at 01/01/2014 from Jon A to Sarah T
INFO:root:Creating account with balance -7.8
INFO:root:Creating account with balance 7.8
INFO:root:New transaction at 04/01/2014 from Stephen S to Tim L
INFO:root:Creating account with balance -4.37
INFO:root:Creating account with balance 4.37
INFO:root:New transaction at 08/01/2014 from Laura B to Stephen S
INFO:root:Adding 5.09 to balance
INFO:root:Creating account with balance -5.09
INFO:root:New transaction at 11/01/2014 from Rob S to Ben B
INFO:root:Creating account with balance -7.8
INFO:root:Creating account with balance 7.8
INFO:root:New transaction at 14/01/2014 from Stephen S to Ben B
INFO:root:Taking 7.36 from balance
INFO:root:Adding 7.36 to balance
INFO:root:New transaction at 15/01/2014 from Sam N to Stephen S
INFO:root:Adding 11.63 to balance
INFO:root:Creating account with balance -11.63
INFO:root:New transaction at 19/01/2014 from Stephen S to Gergana I
INFO:root:Taking 5.88 from balance
INFO:root:Creating account with balance 5.88
INFO:root:New transaction at 20/01/2014 from Sam N to Stephen S
INFO:root:Adding 8.2 to balance
INFO:root:Taking 8.2 from balance
INFO:root:New transaction at 24/01/2014 from Laura B to Sam N
INFO:root:Taking 11.68 from balance
INFO:root:Adding 11.68 to balance
INFO:root:New transaction at 28/01/2014 from Todd to Ben B
INFO:root:Adding 6.81 to balance
INFO:root:Creating account with balance -6.81
INFO:root:New transaction at 31/01/2014 from Sam N to Gergana I
INFO:root:Taking 6.29 from balance
INFO:root:Adding 6.29 to balance
INFO:root:New transaction at 01/02/2014 from Todd to Ben B
INFO:root:Adding 6.87 to balance
INFO:root:Taking 6.87 from balance
INFO:root:New transaction at 04/02/2014 from Chris W to Ben B
INFO:root:Adding 6.03 to balance
INFO:root:Creating account with balance -6.03
INFO:root:New transaction at 05/02/2014 from Todd to Rob S
INFO:root:Adding 5.62 to balance
INFO:root:Taking 5.62 from balance
INFO:root:New transaction at 07/02/2014 from Jon A to Sam N
INFO:root:Taking 1.65 from balance
INFO:root:Adding 1.65 to balance
INFO:root:New transaction at 10/02/2014 from Dan W to Sam N
INFO:root:Adding 0.93 to balance
INFO:root:Creating account with balance -0.93
INFO:root:New transaction at 14/02/2014 from Laura B to Stephen S
INFO:root:Adding 10.78 to balance
INFO:root:Taking 10.78 from balance
INFO:root:New transaction at 15/02/2014 from Stephen S to Gergana I
INFO:root:Taking 6.91 from balance
INFO:root:Adding 6.91 to balance
INFO:root:New transaction at 18/02/2014 from Sarah T to Sam N
INFO:root:Taking 1.6 from balance
INFO:root:Adding 1.6 to balance
INFO:root:New transaction at 22/02/2014 from Tim L to Sam N
INFO:root:Taking 5.2 from balance
INFO:root:Adding 5.2 to balance
INFO:root:New transaction at 25/02/2014 from Todd to Rob S
INFO:root:Adding 7.1 to balance
INFO:root:Taking 7.1 from balance
INFO:root:New transaction at 27/02/2014 from Ben B to Rob S
INFO:root:Adding 8.41 to balance
INFO:root:Taking 8.41 from balance
INFO:root:New transaction at 01/03/2014 from Stephen S to Jon A
INFO:root:Adding 8.75 to balance
INFO:root:Taking 8.75 from balance
INFO:root:New transaction at 03/03/2014 from Sam N to Gergana I
INFO:root:Taking 8.76 from balance
INFO:root:Adding 8.76 to balance
INFO:root:New transaction at 07/03/2014 from Todd to Laura B
INFO:root:Adding 9.39 to balance
INFO:root:Taking 9.39 from balance
INFO:root:New transaction at 10/03/2014 from Todd to Gergana I
INFO:root:Adding 1.62 to balance
INFO:root:Taking 1.62 from balance
INFO:root:New transaction at 14/03/2014 from Sarah T to Ben B
INFO:root:Taking 2.1 from balance
INFO:root:Adding 2.1 to balance
INFO:root:New transaction at 17/03/2014 from Sarah T to Stephen S
INFO:root:Taking 0.66 from balance
INFO:root:Adding 0.66 to balance
INFO:root:New transaction at 20/03/2014 from Tim L to Sarah T
INFO:root:Adding 2.28 to balance
INFO:root:Taking 2.28 from balance
INFO:root:New transaction at 22/03/2014 from Rob S to Tim L
INFO:root:Adding 1.95 to balance
INFO:root:Taking 1.95 from balance
INFO:root:New transaction at 23/03/2014 from Jon A to Sam N
INFO:root:Taking 8.49 from balance
INFO:root:Adding 8.49 to balance
INFO:root:New transaction at 27/03/2014 from Ben B to Sam N
INFO:root:Taking 10.76 from balance
INFO:root:Adding 10.76 to balance
INFO:root:New transaction at 29/03/2014 from Todd to Sarah T
INFO:root:Adding 5.01 to balance
INFO:root:Taking 5.01 from balance
INFO:root:New transaction at 30/03/2014 from Dan W to Laura B
INFO:root:Adding 4.77 to balance
INFO:root:Taking 4.77 from balance
INFO:root:New transaction at 01/04/2014 from Sam N to Laura B
INFO:root:Adding 2.87 to balance
INFO:root:Taking 2.87 from balance
INFO:root:New transaction at 04/04/2014 from Todd to Ben B
INFO:root:Adding 10.85 to balance
INFO:root:Taking 10.85 from balance
INFO:root:New transaction at 06/04/2014 from Jon A to Stephen S
INFO:root:Taking 8.91 from balance
INFO:root:Adding 8.91 to balance
INFO:root:New transaction at 08/04/2014 from Stephen S to Sam N
INFO:root:Taking 2.96 from balance
INFO:root:Adding 2.96 to balance
INFO:root:New transaction at 09/04/2014 from Ben B to Rob S
INFO:root:Adding 1.31 to balance
INFO:root:Taking 1.31 from balance
INFO:root:New transaction at 10/04/2014 from Todd to Sarah T
INFO:root:Adding 3.55 to balance
INFO:root:Taking 3.55 from balance
INFO:root:New transaction at 11/04/2014 from Todd to Laura B
INFO:root:Adding 3.72 to balance
INFO:root:Taking 3.72 from balance
INFO:root:New transaction at 15/04/2014 from Rob S to Sam N
INFO:root:Taking 8.86 from balance
INFO:root:Adding 8.86 to balance
INFO:root:New transaction at 19/04/2014 from Ben B to Gergana I
INFO:root:Taking 7.61 from balance
INFO:root:Adding 7.61 to balance
INFO:root:New transaction at 20/04/2014 from Dan W to Gergana I
INFO:root:Adding 11.92 to balance
INFO:root:Taking 11.92 from balance
INFO:root:New transaction at 23/04/2014 from Stephen S to Rob S
INFO:root:Taking 3.41 from balance
INFO:root:Adding 3.41 to balance
INFO:root:New transaction at 24/04/2014 from Tim L to Dan W
INFO:root:Taking 6.38 from balance
INFO:root:Adding 6.38 to balance
INFO:root:New transaction at 26/04/2014 from Todd to Tim L
INFO:root:Adding 1.46 to balance
INFO:root:Taking 1.46 from balance
INFO:root:New transaction at 30/04/2014 from Laura B to Ben B
INFO:root:Taking 5.77 from balance
INFO:root:Adding 5.77 to balance
INFO:root:New transaction at 03/05/2014 from Jon A to Gergana I
INFO:root:Taking 10.51 from balance
INFO:root:Adding 10.51 to balance
INFO:root:New transaction at 05/05/2014 from Dan W to Sarah T
INFO:root:Adding 5.06 to balance
INFO:root:Taking 5.06 from balance
INFO:root:New transaction at 06/05/2014 from Tim L to Chris W
INFO:root:Taking 7.45 from balance
INFO:root:Adding 7.45 to balance
INFO:root:New transaction at 10/05/2014 from Laura B to Todd
INFO:root:Taking 10.63 from balance
INFO:root:Adding 10.63 to balance
INFO:root:New transaction at 13/05/2014 from Tim L to Ben B
INFO:root:Taking 5.89 from balance
INFO:root:Adding 5.89 to balance
INFO:root:New transaction at 17/05/2014 from Rob S to Sarah T
INFO:root:Adding 3.61 to balance
INFO:root:Taking 3.61 from balance
INFO:root:New transaction at 19/05/2014 from Jon A to Todd
INFO:root:Taking 9.04 from balance
INFO:root:Adding 9.04 to balance
INFO:root:New transaction at 22/05/2014 from Tim L to Todd
INFO:root:Taking 3.81 from balance
INFO:root:Adding 3.81 to balance
INFO:root:New transaction at 24/05/2014 from Sam N to Tim L
INFO:root:Adding 8.8 to balance
INFO:root:Taking 8.8 from balance
INFO:root:New transaction at 26/05/2014 from Ben B to Laura B
INFO:root:Adding 7.36 to balance
INFO:root:Taking 7.36 from balance
INFO:root:New transaction at 30/05/2014 from Laura B to Todd
INFO:root:Taking 7.01 from balance
INFO:root:Adding 7.01 to balance
INFO:root:New transaction at 31/05/2014 from Tim L to Ben B
INFO:root:Taking 8.23 from balance
INFO:root:Adding 8.23 to balance
INFO:root:New transaction at 01/06/2014 from Tim L to Stephen S
INFO:root:Adding 5.2 to balance
INFO:root:Taking 5.2 from balance
INFO:root:New transaction at 05/06/2014 from Dan W to Gergana I
INFO:root:Adding 5.61 to balance
INFO:root:Taking 5.61 from balance
INFO:root:New transaction at 09/06/2014 from Sarah T to Stephen S
INFO:root:Taking 11.5 from balance
INFO:root:Adding 11.5 to balance
INFO:root:New transaction at 11/06/2014 from Stephen S to Sam N
INFO:root:Taking 5.14 from balance
INFO:root:Adding 5.14 to balance
INFO:root:New transaction at 14/06/2014 from Todd to Sam N
INFO:root:Adding 6.3 to balance
INFO:root:Taking 6.3 from balance
INFO:root:New transaction at 16/06/2014 from Stephen S to Dan W
INFO:root:Taking 4.79 from balance
INFO:root:Adding 4.79 to balance
INFO:root:New transaction at 20/06/2014 from Ben B to Chris W
INFO:root:Taking 1.34 from balance
INFO:root:Adding 1.34 to balance
INFO:root:New transaction at 22/06/2014 from Tim L to Stephen S
INFO:root:Adding 6.44 to balance
INFO:root:Taking 6.44 from balance
INFO:root:New transaction at 23/06/2014 from Stephen S to Ben B
INFO:root:Taking 11.85 from balance
INFO:root:Adding 11.85 to balance
INFO:root:New transaction at 26/06/2014 from Chris W to Todd
INFO:root:Adding 9.81 to balance
INFO:root:Taking 9.81 from balance
INFO:root:New transaction at 28/06/2014 from Sarah T to Gergana I
INFO:root:Taking 4.03 from balance
INFO:root:Adding 4.03 to balance
INFO:root:New transaction at 29/06/2014 from Chris W to Laura B
INFO:root:Adding 8.7 to balance
INFO:root:Taking 8.7 from balance
INFO:root:New transaction at 01/07/2014 from Rob S to Jon A
INFO:root:Adding 2.67 to balance
INFO:root:Taking 2.67 from balance
INFO:root:New transaction at 02/07/2014 from Stephen S to Dan W
INFO:root:Taking 2.9 from balance
INFO:root:Adding 2.9 to balance
INFO:root:New transaction at 06/07/2014 from Sam N to Jon A
INFO:root:Adding 4.37 to balance
INFO:root:Taking 4.37 from balance
INFO:root:New transaction at 09/07/2014 from Dan W to Tim L
INFO:root:Adding 5.45 to balance
INFO:root:Taking 5.45 from balance
INFO:root:New transaction at 11/07/2014 from Dan W to Sarah T
INFO:root:Adding 5.05 to balance
INFO:root:Taking 5.05 from balance
INFO:root:New transaction at 14/07/2014 from Gergana I to Sam N
INFO:root:Adding 10.92 to balance
INFO:root:Taking 10.92 from balance
INFO:root:New transaction at 16/07/2014 from Jon A to Dan W
INFO:root:Taking 11.75 from balance
INFO:root:Adding 11.75 to balance
INFO:root:New transaction at 18/07/2014 from Gergana I to Stephen S
INFO:root:Adding 11.57 to balance
INFO:root:Taking 11.57 from balance
INFO:root:New transaction at 22/07/2014 from Sarah T to Ben B
INFO:root:Taking 11.56 from balance
INFO:root:Adding 11.56 to balance
INFO:root:New transaction at 23/07/2014 from Rob S to Tim L
INFO:root:Adding 11.47 to balance
INFO:root:Taking 11.47 from balance
INFO:root:New transaction at 25/07/2014 from Laura B to Stephen S
INFO:root:Adding 9.42 to balance
INFO:root:Taking 9.42 from balance
INFO:root:New transaction at 28/07/2014 from Gergana I to Chris W
INFO:root:Taking 2.33 from balance
INFO:root:Adding 2.33 to balance
INFO:root:New transaction at 29/07/2014 from Jon A to Sam N
INFO:root:Taking 5.31 from balance
INFO:root:Adding 5.31 to balance
INFO:root:New transaction at 01/08/2014 from Sam N to Gergana I
INFO:root:Taking 2.72 from balance
INFO:root:Adding 2.72 to balance
INFO:root:New transaction at 03/08/2014 from Laura B to Rob S
INFO:root:Taking 6.26 from balance
INFO:root:Adding 6.26 to balance
INFO:root:New transaction at 04/08/2014 from Gergana I to Ben B
INFO:root:Adding 7.81 to balance
INFO:root:Taking 7.81 from balance
INFO:root:New transaction at 08/08/2014 from Tim L to Laura B
INFO:root:Taking 3.76 from balance
INFO:root:Adding 3.76 to balance
INFO:root:New transaction at 11/08/2014 from Stephen S to Rob S
INFO:root:Taking 8.91 from balance
INFO:root:Adding 8.91 to balance
INFO:root:New transaction at 13/08/2014 from Sarah T to Todd
INFO:root:Taking 8.25 from balance
INFO:root:Adding 8.25 to balance
INFO:root:New transaction at 14/08/2014 from Chris W to Tim L
INFO:root:Adding 6.59 to balance
INFO:root:Taking 6.59 from balance
INFO:root:New transaction at 18/08/2014 from Jon A to Tim L
INFO:root:Taking 7.22 from balance
INFO:root:Adding 7.22 to balance
INFO:root:New transaction at 21/08/2014 from Ben B to Gergana I
INFO:root:Taking 9.25 from balance
INFO:root:Adding 9.25 to balance
INFO:root:New transaction at 22/08/2014 from Chris W to Sam N
INFO:root:Adding 1.9 to balance
INFO:root:Taking 1.9 from balance
INFO:root:New transaction at 23/08/2014 from Ben B to Stephen S
INFO:root:Adding 5.02 to balance
INFO:root:Taking 5.02 from balance
INFO:root:New transaction at 24/08/2014 from Laura B to Stephen S
INFO:root:Adding 7.45 to balance
INFO:root:Taking 7.45 from balance
INFO:root:New transaction at 25/08/2014 from Gergana I to Stephen S
INFO:root:Adding 8.57 to balance
INFO:root:Taking 8.57 from balance
INFO:root:New transaction at 28/08/2014 from Laura B to Tim L
INFO:root:Adding 0.57 to balance
INFO:root:Taking 0.57 from balance
INFO:root:New transaction at 29/08/2014 from Ben B to Chris W
INFO:root:Taking 1.66 from balance
INFO:root:Adding 1.66 to balance
INFO:root:New transaction at 01/09/2014 from Sam N to Gergana I
INFO:root:Taking 9.41 from balance
INFO:root:Adding 9.41 to balance
INFO:root:New transaction at 03/09/2014 from Jon A to Tim L
INFO:root:Taking 8.13 from balance
INFO:root:Adding 8.13 to balance
INFO:root:New transaction at 06/09/2014 from Dan W to Todd
INFO:root:Adding 1.8 to balance
INFO:root:Taking 1.8 from balance
INFO:root:New transaction at 09/09/2014 from Todd to Dan W
INFO:root:Taking 3.93 from balance
INFO:root:Adding 3.93 to balance
INFO:root:New transaction at 12/09/2014 from Laura B to Jon A
INFO:root:Adding 3.11 to balance
INFO:root:Taking 3.11 from balance
INFO:root:New transaction at 16/09/2014 from Gergana I to Rob S
INFO:root:Adding 1.28 to balance
INFO:root:Taking 1.28 from balance
INFO:root:New transaction at 20/09/2014 from Jon A to Ben B
INFO:root:Taking 3.71 from balance
INFO:root:Adding 3.71 to balance
INFO:root:New transaction at 24/09/2014 from Jon A to Laura B
INFO:root:Taking 5.61 from balance
INFO:root:Adding 5.61 to balance
INFO:root:New transaction at 27/09/2014 from Sarah T to Dan W
INFO:root:Taking 11.6 from balance
INFO:root:Adding 11.6 to balance
INFO:root:New transaction at 29/09/2014 from Ben B to Tim L
INFO:root:Adding 3.43 to balance
INFO:root:Taking 3.43 from balance
INFO:root:New transaction at 30/09/2014 from Jon A to Dan W
INFO:root:Taking 9.26 from balance
INFO:root:Adding 9.26 to balance
INFO:root:New transaction at 04/10/2014 from Ben B to Todd
INFO:root:Taking 11.28 from balance
INFO:root:Adding 11.28 to balance
INFO:root:New transaction at 06/10/2014 from Sarah T to Tim L
INFO:root:Taking 7.44 from balance
INFO:root:Adding 7.44 to balance
INFO:root:New transaction at 10/10/2014 from Ben B to Gergana I
INFO:root:Taking 3.98 from balance
INFO:root:Adding 3.98 to balance
INFO:root:New transaction at 14/10/2014 from Ben B to Gergana I
INFO:root:Taking 11.65 from balance
INFO:root:Adding 11.65 to balance
INFO:root:New transaction at 18/10/2014 from Gergana I to Rob S
INFO:root:Adding 5.47 to balance
INFO:root:Taking 5.47 from balance
INFO:root:New transaction at 19/10/2014 from Dan W to Sam N
INFO:root:Adding 8 to balance
INFO:root:Taking 8 from balance
INFO:root:New transaction at 22/10/2014 from Dan W to Sam N
INFO:root:Adding 0.55 to balance
INFO:root:Taking 0.55 from balance
INFO:root:New transaction at 23/10/2014 from Jon A to Dan W
INFO:root:Taking 2.37 from balance
INFO:root:Adding 2.37 to balance
INFO:root:New transaction at 25/10/2014 from Laura B to Todd
INFO:root:Taking 8.42 from balance
INFO:root:Adding 8.42 to balance
INFO:root:New transaction at 28/10/2014 from Gergana I to Dan W
INFO:root:Taking 5.04 from balance
INFO:root:Adding 5.04 to balance
INFO:root:New transaction at 29/10/2014 from Dan W to Ben B
INFO:root:Adding 5.87 to balance
INFO:root:Taking 5.87 from balance
INFO:root:New transaction at 30/10/2014 from Chris W to Gergana I
INFO:root:Adding 8.9 to balance
INFO:root:Taking 8.9 from balance
INFO:root:New transaction at 02/11/2014 from Sarah T to Tim L
INFO:root:Taking 4.67 from balance
INFO:root:Adding 4.67 to balance
INFO:root:New transaction at 04/11/2014 from Chris W to Rob S
INFO:root:Adding 6.15 to balance
INFO:root:Taking 6.15 from balance
INFO:root:New transaction at 07/11/2014 from Rob S to Ben B
INFO:root:Taking 3 from balance
INFO:root:Adding 3 to balance
INFO:root:New transaction at 09/11/2014 from Sam N to Laura B
INFO:root:Adding 7.76 to balance
INFO:root:Taking 7.76 from balance
INFO:root:New transaction at 11/11/2014 from Jon A to Ben B
INFO:root:Taking 0.73 from balance
INFO:root:Adding 0.73 to balance
INFO:root:New transaction at 14/11/2014 from Sam N to Dan W
INFO:root:Taking 0.8 from balance
INFO:root:Adding 0.8 to balance
INFO:root:New transaction at 18/11/2014 from Sam N to Chris W
INFO:root:Taking 6.44 from balance
INFO:root:Adding 6.44 to balance
INFO:root:New transaction at 19/11/2014 from Laura B to Jon A
INFO:root:Adding 2.61 to balance
INFO:root:Taking 2.61 from balance
INFO:root:New transaction at 21/11/2014 from Chris W to Todd
INFO:root:Adding 1.42 to balance
INFO:root:Taking 1.42 from balance
INFO:root:New transaction at 23/11/2014 from Todd to Sarah T
INFO:root:Adding 2.24 to balance
INFO:root:Taking 2.24 from balance
INFO:root:New transaction at 25/11/2014 from Chris W to Rob S
INFO:root:Adding 5.76 to balance
INFO:root:Taking 5.76 from balance
INFO:root:New transaction at 28/11/2014 from Tim L to Dan W
INFO:root:Taking 8.76 from balance
INFO:root:Adding 8.76 to balance
INFO:root:New transaction at 02/12/2014 from Jon A to Sam N
INFO:root:Taking 11.04 from balance
INFO:root:Adding 11.04 to balance
INFO:root:New transaction at 06/12/2014 from Gergana I to Rob S
INFO:root:Adding 5.64 to balance
INFO:root:Taking 5.64 from balance
INFO:root:New transaction at 09/12/2014 from Jon A to Chris W
INFO:root:Taking 2.26 from balance
INFO:root:Adding 2.26 to balance
INFO:root:New transaction at 12/12/2014 from Dan W to Tim L
INFO:root:Adding 4.5 to balance
INFO:root:Taking 4.5 from balance
INFO:root:New transaction at 14/12/2014 from Gergana I to Laura B
INFO:root:Adding 4.26 to balance
INFO:root:Taking 4.26 from balance
INFO:root:New transaction at 16/12/2014 from Todd to Tim L
INFO:root:Adding 7.17 to balance
INFO:root:Taking 7.17 from balance
INFO:root:New transaction at 18/12/2014 from Chris W to Ben B
INFO:root:Adding 11.17 to balance
INFO:root:Taking 11.17 from balance
INFO:root:New transaction at 20/12/2014 from Rob S to Gergana I
INFO:root:Taking 1.07 from balance
INFO:root:Adding 1.07 to balance
INFO:root:New transaction at 21/12/2014 from Gergana I to Laura B
INFO:root:Adding 6.86 to balance
INFO:root:Taking 6.86 from balance
INFO:root:New transaction at 22/12/2014 from Dan W to Jon A
INFO:root:Adding 3.66 to balance
INFO:root:Taking 3.66 from balance
INFO:root:New transaction at 25/12/2014 from Todd to Rob S
INFO:root:Adding 1.86 to balance
INFO:root:Taking 1.86 from balance
INFO:root:New transaction at 28/12/2014 from Ben B to Laura B
INFO:root:Adding 1.44 to balance
INFO:root:Taking 1.44 from balance
INFO:root:New transaction at 29/12/2014 from Ben B to Sam N
INFO:root:Taking 5.26 from balance
INFO:root:Adding 5.26 to balance
INFO:root:Listing all accounts
INFO:root:Listing transactions from todd
INFO:root:Exiting...
